<?xml version="1.0" encoding="UTF-8"?>
<!-- Generated by org.testng.reporters.JUnitReportReporter -->
<testsuite hostname="AsmitPC" name="com.qa.testcases.Test_2_Get" tests="1" failures="0" timestamp="25 Sep 2019 04:44:33 GMT" time="2.550" errors="0">
  <testcase name="get_1_Test" time="2.550" classname="com.qa.testcases.Test_2_Get"/>
</testsuite> <!-- com.qa.testcases.Test_2_Get -->
