<?xml version="1.0" encoding="UTF-8"?>
<!-- Generated by org.testng.reporters.JUnitReportReporter -->
<testsuite hostname="AsmitPC" name="com.twitter.testcases.Post_Test_1" tests="1" failures="0" timestamp="27 Sep 2019 05:12:17 GMT" time="3.241" errors="0">
  <testcase name="post_1_test" time="3.241" classname="com.twitter.testcases.Post_Test_1"/>
</testsuite> <!-- com.twitter.testcases.Post_Test_1 -->
